<?xml version="1.0" encoding="UTF-8"?>
<testng-results ignored="1" total="3" passed="1" failed="1" skipped="0">
  <reporter-output>
  </reporter-output>
  <suite started-at="2020-10-13T14:48:57 IST" name="Default suite" finished-at="2020-10-13T14:49:41 IST" duration-ms="44463">
    <groups>
    </groups>
    <test started-at="2020-10-13T14:48:57 IST" name="Default test" finished-at="2020-10-13T14:49:41 IST" duration-ms="44463">
      <class name="testScripts.ExtentReport">
        <test-method is-config="true" signature="setup()[pri:0, instance:testScripts.ExtentReport@147ed70f]" started-at="2020-10-13T14:48:57 IST" name="setup" finished-at="2020-10-13T14:49:09 IST" duration-ms="11750" status="PASS">
          <reporter-output>
          </reporter-output>
        </test-method> <!-- setup -->
        <test-method signature="seleniumTest()[pri:1, instance:testScripts.ExtentReport@147ed70f]" started-at="2020-10-13T14:49:09 IST" name="seleniumTest" finished-at="2020-10-13T14:49:19 IST" duration-ms="10576" status="FAIL">
          <exception class="java.lang.AssertionError">
            <message>
              <![CDATA[expected [selenium tool - Google Search] but found [selenium tools - Google Search]]]>
            </message>
            <full-stacktrace>
              <![CDATA[java.lang.AssertionError: expected [selenium tool - Google Search] but found [selenium tools - Google Search]
at org.testng.Assert.fail(Assert.java:99)
at org.testng.Assert.failNotEquals(Assert.java:1037)
at org.testng.Assert.assertEqualsImpl(Assert.java:140)
at org.testng.Assert.assertEquals(Assert.java:122)
at org.testng.Assert.assertEquals(Assert.java:629)
at org.testng.Assert.assertEquals(Assert.java:639)
at testScripts.ExtentReport.seleniumTest(ExtentReport.java:71)
at java.base/jdk.internal.reflect.NativeMethodAccessorImpl.invoke0(Native Method)
at java.base/jdk.internal.reflect.NativeMethodAccessorImpl.invoke(NativeMethodAccessorImpl.java:62)
at java.base/jdk.internal.reflect.DelegatingMethodAccessorImpl.invoke(DelegatingMethodAccessorImpl.java:43)
at java.base/java.lang.reflect.Method.invoke(Method.java:564)
at org.testng.internal.MethodInvocationHelper.invokeMethod(MethodInvocationHelper.java:132)
at org.testng.internal.TestInvoker.invokeMethod(TestInvoker.java:599)
at org.testng.internal.TestInvoker.invokeTestMethod(TestInvoker.java:174)
at org.testng.internal.MethodRunner.runInSequence(MethodRunner.java:46)
at org.testng.internal.TestInvoker$MethodInvocationAgent.invoke(TestInvoker.java:822)
at org.testng.internal.TestInvoker.invokeTestMethods(TestInvoker.java:147)
at org.testng.internal.TestMethodWorker.invokeTestMethods(TestMethodWorker.java:146)
at org.testng.internal.TestMethodWorker.run(TestMethodWorker.java:128)
at java.base/java.util.ArrayList.forEach(ArrayList.java:1510)
at org.testng.TestRunner.privateRun(TestRunner.java:764)
at org.testng.TestRunner.run(TestRunner.java:585)
at org.testng.SuiteRunner.runTest(SuiteRunner.java:384)
at org.testng.SuiteRunner.runSequentially(SuiteRunner.java:378)
at org.testng.SuiteRunner.privateRun(SuiteRunner.java:337)
at org.testng.SuiteRunner.run(SuiteRunner.java:286)
at org.testng.SuiteRunnerWorker.runSuite(SuiteRunnerWorker.java:53)
at org.testng.SuiteRunnerWorker.run(SuiteRunnerWorker.java:96)
at org.testng.TestNG.runSuitesSequentially(TestNG.java:1218)
at org.testng.TestNG.runSuitesLocally(TestNG.java:1140)
at org.testng.TestNG.runSuites(TestNG.java:1069)
at org.testng.TestNG.run(TestNG.java:1037)
at org.testng.remote.AbstractRemoteTestNG.run(AbstractRemoteTestNG.java:115)
at org.testng.remote.RemoteTestNG.initAndRun(RemoteTestNG.java:251)
at org.testng.remote.RemoteTestNG.main(RemoteTestNG.java:77)
]]>
            </full-stacktrace>
          </exception> <!-- java.lang.AssertionError -->
          <reporter-output>
          </reporter-output>
        </test-method> <!-- seleniumTest -->
        <test-method is-config="true" signature="close(org.testng.ITestResult)[pri:0, instance:testScripts.ExtentReport@147ed70f]" started-at="2020-10-13T14:49:19 IST" name="close" finished-at="2020-10-13T14:49:22 IST" duration-ms="2701" status="PASS">
          <params>
            <param index="0">
              <value>
                <![CDATA[[TestResult name=seleniumTest status=FAILURE method=ExtentReport.seleniumTest()[pri:1, instance:testScripts.ExtentReport@147ed70f] output={null}]]]>
              </value>
            </param>
          </params>
          <reporter-output>
          </reporter-output>
        </test-method> <!-- close -->
        <test-method is-config="true" signature="setup()[pri:0, instance:testScripts.ExtentReport@147ed70f]" started-at="2020-10-13T14:49:22 IST" name="setup" finished-at="2020-10-13T14:49:31 IST" duration-ms="9248" status="PASS">
          <reporter-output>
          </reporter-output>
        </test-method> <!-- setup -->
        <test-method signature="javaTest()[pri:2, instance:testScripts.ExtentReport@147ed70f]" started-at="2020-10-13T14:49:31 IST" name="javaTest" finished-at="2020-10-13T14:49:39 IST" duration-ms="7820" status="PASS">
          <reporter-output>
          </reporter-output>
        </test-method> <!-- javaTest -->
        <test-method is-config="true" signature="close(org.testng.ITestResult)[pri:0, instance:testScripts.ExtentReport@147ed70f]" started-at="2020-10-13T14:49:39 IST" name="close" finished-at="2020-10-13T14:49:41 IST" duration-ms="2325" status="PASS">
          <params>
            <param index="0">
              <value>
                <![CDATA[[TestResult name=javaTest status=SUCCESS method=ExtentReport.javaTest()[pri:2, instance:testScripts.ExtentReport@147ed70f] output={null}]]]>
              </value>
            </param>
          </params>
          <reporter-output>
          </reporter-output>
        </test-method> <!-- close -->
      </class> <!-- testScripts.ExtentReport -->
    </test> <!-- Default test -->
  </suite> <!-- Default suite -->
</testng-results>
